<?xml version="1.0" encoding="UTF-8"?>
<testsuite xmlns:xsi="http://www.w3.org/2001/XMLSchema-instance" xsi:noNamespaceSchemaLocation="https://maven.apache.org/surefire/maven-surefire-plugin/xsd/surefire-test-report-3.0.xsd" version="3.0" name="TestSuite" time="23.574" tests="56" errors="0" skipped="55" failures="1">
  <properties>
[...]
</properties>
  <testcase name="setUp[false, browserStack, windows, 10, chrome, 89, https://www.bbc.com/](0)" classname="news_world_test.NewsWorldTest" time="20.746">
    <failure message="timeout: Timed out receiving message from renderer: 14.106&#10;  (Session info: chrome=89.0.4389.114)&#10;Build info: version: &apos;3.141.59&apos;, revision: &apos;e82be7d358&apos;, time: &apos;2018-11-14T08:17:03&apos;&#10;System info: host: &apos;FARHANA&apos;, ip: &apos;192.168.223.1&apos;, os.name: &apos;Windows 10&apos;, os.arch: &apos;amd64&apos;, os.version: &apos;10.0&apos;, java.version: &apos;11.0.9&apos;&#10;Driver info: org.openqa.selenium.chrome.ChromeDriver&#10;Capabilities {acceptInsecureCerts: false, browserName: chrome, browserVersion: 89.0.4389.114, chrome: {chromedriverVersion: 89.0.4389.23 (61b08ee2c5002..., userDataDir: C:\Users\OCP\AppData\Local\...}, goog:chromeOptions: {debuggerAddress: localhost:50477}, javascriptEnabled: true, networkConnectionEnabled: false, pageLoadStrategy: normal, platform: WINDOWS, platformName: WINDOWS, proxy: Proxy(), setWindowRect: true, strictFileInteractability: false, timeouts: {implicit: 0, pageLoad: 300000, script: 30000}, unhandledPromptBehavior: dismiss and notify, webauthn:extension:largeBlob: true, webauthn:virtualAuthenticators: true}&#10;Session ID: 5a22a2985b3e13d9c00d60dd2c1483ab" type="org.openqa.selenium.TimeoutException"><![CDATA[org.openqa.selenium.TimeoutException: 
timeout: Timed out receiving message from renderer: 14.106
  (Session info: chrome=89.0.4389.114)
Build info: version: '3.141.59', revision: 'e82be7d358', time: '2018-11-14T08:17:03'
System info: host: 'FARHANA', ip: '192.168.223.1', os.name: 'Windows 10', os.arch: 'amd64', os.version: '10.0', java.version: '11.0.9'
Driver info: org.openqa.selenium.chrome.ChromeDriver
Capabilities {acceptInsecureCerts: false, browserName: chrome, browserVersion: 89.0.4389.114, chrome: {chromedriverVersion: 89.0.4389.23 (61b08ee2c5002..., userDataDir: C:\Users\OCP\AppData\Local\...}, goog:chromeOptions: {debuggerAddress: localhost:50477}, javascriptEnabled: true, networkConnectionEnabled: false, pageLoadStrategy: normal, platform: WINDOWS, platformName: WINDOWS, proxy: Proxy(), setWindowRect: true, strictFileInteractability: false, timeouts: {implicit: 0, pageLoad: 300000, script: 30000}, unhandledPromptBehavior: dismiss and notify, webauthn:extension:largeBlob: true, webauthn:virtualAuthenticators: true}
Session ID: 5a22a2985b3e13d9c00d60dd2c1483ab
]]></failure>
    <system-out><![CDATA[Extent Report DirectoryC:\Users\OCP\IdeaProjects\WebAutomationFramework_Team2\BBC\target\surefire-reports\html
]]></system-out>
    <system-err><![CDATA[Starting ChromeDriver 89.0.4389.23 (61b08ee2c50024bab004e48d2b1b083cdbdac579-refs/branch-heads/4389@{#294}) on port 48778
Only local connections are allowed.
Please see https://chromedriver.chromium.org/security-considerations for suggestions on keeping ChromeDriver safe.
ChromeDriver was started successfully.
Apr 09, 2021 9:42:35 PM org.openqa.selenium.remote.ProtocolHandshake createSession
INFO: Detected dialect: W3C
[1618018970.934][SEVERE]: Timed out receiving message from renderer: 14.106
[1618018970.943][SEVERE]: Timed out receiving message from renderer: 14.106
]]></system-err>
  </testcase>
  <testcase name="startExtent" classname="news_world_test.NewsWorldTest" time="0">
    <skipped/>
  </testcase>
  <testcase name="startExtent" classname="news_world_test.NewsWorldTest" time="0">
    <skipped/>
  </testcase>
  <testcase name="startExtent" classname="news_world_test.NewsWorldTest" time="0">
    <skipped/>
  </testcase>
  <testcase name="startExtent" classname="news_world_test.NewsWorldTest" time="0">
    <skipped/>
  </testcase>
  <testcase name="startExtent" classname="news_world_test.NewsWorldTest" time="0">
    <skipped/>
  </testcase>
  <testcase name="startExtent" classname="news_world_test.NewsWorldTest" time="0">
    <skipped/>
  </testcase>
  <testcase name="startExtent" classname="news_world_test.NewsWorldTest" time="0">
    <skipped/>
  </testcase>
  <testcase name="startExtent" classname="news_world_test.NewsWorldTest" time="0">
    <skipped/>
  </testcase>
  <testcase name="startExtent" classname="news_world_test.NewsWorldTest" time="0">
    <skipped/>
  </testcase>
  <testcase name="startExtent" classname="news_world_test.NewsWorldTest" time="0">
    <skipped/>
  </testcase>
  <testcase name="startExtent" classname="news_world_test.NewsWorldTest" time="0">
    <skipped/>
  </testcase>
  <testcase name="getInIt" classname="news_world_test.NewsWorldTest" time="0">
    <skipped/>
  </testcase>
  <testcase name="getInIt" classname="news_world_test.NewsWorldTest" time="0">
    <skipped/>
  </testcase>
  <testcase name="getInIt" classname="news_world_test.NewsWorldTest" time="0">
    <skipped/>
  </testcase>
  <testcase name="getInIt" classname="news_world_test.NewsWorldTest" time="0">
    <skipped/>
  </testcase>
  <testcase name="getInIt" classname="news_world_test.NewsWorldTest" time="0">
    <skipped/>
  </testcase>
  <testcase name="getInIt" classname="news_world_test.NewsWorldTest" time="0">
    <skipped/>
  </testcase>
  <testcase name="getInIt" classname="news_world_test.NewsWorldTest" time="0">
    <skipped/>
  </testcase>
  <testcase name="getInIt" classname="news_world_test.NewsWorldTest" time="0">
    <skipped/>
  </testcase>
  <testcase name="getInIt" classname="news_world_test.NewsWorldTest" time="0">
    <skipped/>
  </testcase>
  <testcase name="getInIt" classname="news_world_test.NewsWorldTest" time="0">
    <skipped/>
  </testcase>
  <testcase name="getInIt" classname="news_world_test.NewsWorldTest" time="0">
    <skipped/>
  </testcase>
  <testcase name="validateAtoZisDisplayed" classname="news_world_test.NewsWorldTest" time="0">
    <skipped message="timeout: Timed out receiving message from renderer: 14.106&#10;  (Session info: chrome=89.0.4389.114)&#10;Build info: version: &apos;3.141.59&apos;, revision: &apos;e82be7d358&apos;, time: &apos;2018-11-14T08:17:03&apos;&#10;System info: host: &apos;FARHANA&apos;, ip: &apos;192.168.223.1&apos;, os.name: &apos;Windows 10&apos;, os.arch: &apos;amd64&apos;, os.version: &apos;10.0&apos;, java.version: &apos;11.0.9&apos;&#10;Driver info: org.openqa.selenium.chrome.ChromeDriver&#10;Capabilities {acceptInsecureCerts: false, browserName: chrome, browserVersion: 89.0.4389.114, chrome: {chromedriverVersion: 89.0.4389.23 (61b08ee2c5002..., userDataDir: C:\Users\OCP\AppData\Local\...}, goog:chromeOptions: {debuggerAddress: localhost:50477}, javascriptEnabled: true, networkConnectionEnabled: false, pageLoadStrategy: normal, platform: WINDOWS, platformName: WINDOWS, proxy: Proxy(), setWindowRect: true, strictFileInteractability: false, timeouts: {implicit: 0, pageLoad: 300000, script: 30000}, unhandledPromptBehavior: dismiss and notify, webauthn:extension:largeBlob: true, webauthn:virtualAuthenticators: true}&#10;Session ID: 5a22a2985b3e13d9c00d60dd2c1483ab"/>
  </testcase>
  <testcase name="afterEachTestMethod" classname="news_world_test.NewsWorldTest" time="0">
    <skipped/>
  </testcase>
  <testcase name="afterEachTestMethod" classname="news_world_test.NewsWorldTest" time="0">
    <skipped/>
  </testcase>
  <testcase name="afterEachTestMethod" classname="news_world_test.NewsWorldTest" time="0">
    <skipped/>
  </testcase>
  <testcase name="afterEachTestMethod" classname="news_world_test.NewsWorldTest" time="0">
    <skipped/>
  </testcase>
  <testcase name="afterEachTestMethod" classname="news_world_test.NewsWorldTest" time="0">
    <skipped/>
  </testcase>
  <testcase name="afterEachTestMethod" classname="news_world_test.NewsWorldTest" time="0">
    <skipped/>
  </testcase>
  <testcase name="afterEachTestMethod" classname="news_world_test.NewsWorldTest" time="0">
    <skipped/>
  </testcase>
  <testcase name="afterEachTestMethod" classname="news_world_test.NewsWorldTest" time="0">
    <skipped/>
  </testcase>
  <testcase name="afterEachTestMethod" classname="news_world_test.NewsWorldTest" time="0">
    <skipped/>
  </testcase>
  <testcase name="afterEachTestMethod" classname="news_world_test.NewsWorldTest" time="0">
    <skipped/>
  </testcase>
  <testcase name="afterEachTestMethod" classname="news_world_test.NewsWorldTest" time="0">
    <skipped/>
  </testcase>
  <testcase name="setUp" classname="news_world_test.NewsWorldTest" time="0">
    <skipped/>
  </testcase>
  <testcase name="setUp" classname="news_world_test.NewsWorldTest" time="0">
    <skipped/>
  </testcase>
  <testcase name="setUp" classname="news_world_test.NewsWorldTest" time="0">
    <skipped/>
  </testcase>
  <testcase name="setUp" classname="news_world_test.NewsWorldTest" time="0">
    <skipped/>
  </testcase>
  <testcase name="setUp" classname="news_world_test.NewsWorldTest" time="0">
    <skipped/>
  </testcase>
  <testcase name="setUp" classname="news_world_test.NewsWorldTest" time="0">
    <skipped/>
  </testcase>
  <testcase name="setUp" classname="news_world_test.NewsWorldTest" time="0">
    <skipped/>
  </testcase>
  <testcase name="setUp" classname="news_world_test.NewsWorldTest" time="0">
    <skipped/>
  </testcase>
  <testcase name="setUp" classname="news_world_test.NewsWorldTest" time="0">
    <skipped/>
  </testcase>
  <testcase name="setUp" classname="news_world_test.NewsWorldTest" time="0">
    <skipped/>
  </testcase>
  <testcase name="validateBBCPrograms" classname="news_world_test.NewsWorldTest" time="0">
    <skipped message="timeout: Timed out receiving message from renderer: 14.106&#10;  (Session info: chrome=89.0.4389.114)&#10;Build info: version: &apos;3.141.59&apos;, revision: &apos;e82be7d358&apos;, time: &apos;2018-11-14T08:17:03&apos;&#10;System info: host: &apos;FARHANA&apos;, ip: &apos;192.168.223.1&apos;, os.name: &apos;Windows 10&apos;, os.arch: &apos;amd64&apos;, os.version: &apos;10.0&apos;, java.version: &apos;11.0.9&apos;&#10;Driver info: org.openqa.selenium.chrome.ChromeDriver&#10;Capabilities {acceptInsecureCerts: false, browserName: chrome, browserVersion: 89.0.4389.114, chrome: {chromedriverVersion: 89.0.4389.23 (61b08ee2c5002..., userDataDir: C:\Users\OCP\AppData\Local\...}, goog:chromeOptions: {debuggerAddress: localhost:50477}, javascriptEnabled: true, networkConnectionEnabled: false, pageLoadStrategy: normal, platform: WINDOWS, platformName: WINDOWS, proxy: Proxy(), setWindowRect: true, strictFileInteractability: false, timeouts: {implicit: 0, pageLoad: 300000, script: 30000}, unhandledPromptBehavior: dismiss and notify, webauthn:extension:largeBlob: true, webauthn:virtualAuthenticators: true}&#10;Session ID: 5a22a2985b3e13d9c00d60dd2c1483ab"/>
  </testcase>
  <testcase name="validateBBCSocialTitleGetAttribute" classname="news_world_test.NewsWorldTest" time="0">
    <skipped message="timeout: Timed out receiving message from renderer: 14.106&#10;  (Session info: chrome=89.0.4389.114)&#10;Build info: version: &apos;3.141.59&apos;, revision: &apos;e82be7d358&apos;, time: &apos;2018-11-14T08:17:03&apos;&#10;System info: host: &apos;FARHANA&apos;, ip: &apos;192.168.223.1&apos;, os.name: &apos;Windows 10&apos;, os.arch: &apos;amd64&apos;, os.version: &apos;10.0&apos;, java.version: &apos;11.0.9&apos;&#10;Driver info: org.openqa.selenium.chrome.ChromeDriver&#10;Capabilities {acceptInsecureCerts: false, browserName: chrome, browserVersion: 89.0.4389.114, chrome: {chromedriverVersion: 89.0.4389.23 (61b08ee2c5002..., userDataDir: C:\Users\OCP\AppData\Local\...}, goog:chromeOptions: {debuggerAddress: localhost:50477}, javascriptEnabled: true, networkConnectionEnabled: false, pageLoadStrategy: normal, platform: WINDOWS, platformName: WINDOWS, proxy: Proxy(), setWindowRect: true, strictFileInteractability: false, timeouts: {implicit: 0, pageLoad: 300000, script: 30000}, unhandledPromptBehavior: dismiss and notify, webauthn:extension:largeBlob: true, webauthn:virtualAuthenticators: true}&#10;Session ID: 5a22a2985b3e13d9c00d60dd2c1483ab"/>
  </testcase>
  <testcase name="validateContactBBC" classname="news_world_test.NewsWorldTest" time="0">
    <skipped message="timeout: Timed out receiving message from renderer: 14.106&#10;  (Session info: chrome=89.0.4389.114)&#10;Build info: version: &apos;3.141.59&apos;, revision: &apos;e82be7d358&apos;, time: &apos;2018-11-14T08:17:03&apos;&#10;System info: host: &apos;FARHANA&apos;, ip: &apos;192.168.223.1&apos;, os.name: &apos;Windows 10&apos;, os.arch: &apos;amd64&apos;, os.version: &apos;10.0&apos;, java.version: &apos;11.0.9&apos;&#10;Driver info: org.openqa.selenium.chrome.ChromeDriver&#10;Capabilities {acceptInsecureCerts: false, browserName: chrome, browserVersion: 89.0.4389.114, chrome: {chromedriverVersion: 89.0.4389.23 (61b08ee2c5002..., userDataDir: C:\Users\OCP\AppData\Local\...}, goog:chromeOptions: {debuggerAddress: localhost:50477}, javascriptEnabled: true, networkConnectionEnabled: false, pageLoadStrategy: normal, platform: WINDOWS, platformName: WINDOWS, proxy: Proxy(), setWindowRect: true, strictFileInteractability: false, timeouts: {implicit: 0, pageLoad: 300000, script: 30000}, unhandledPromptBehavior: dismiss and notify, webauthn:extension:largeBlob: true, webauthn:virtualAuthenticators: true}&#10;Session ID: 5a22a2985b3e13d9c00d60dd2c1483ab"/>
  </testcase>
  <testcase name="validateExploreBBCGetText" classname="news_world_test.NewsWorldTest" time="0">
    <skipped message="timeout: Timed out receiving message from renderer: 14.106&#10;  (Session info: chrome=89.0.4389.114)&#10;Build info: version: &apos;3.141.59&apos;, revision: &apos;e82be7d358&apos;, time: &apos;2018-11-14T08:17:03&apos;&#10;System info: host: &apos;FARHANA&apos;, ip: &apos;192.168.223.1&apos;, os.name: &apos;Windows 10&apos;, os.arch: &apos;amd64&apos;, os.version: &apos;10.0&apos;, java.version: &apos;11.0.9&apos;&#10;Driver info: org.openqa.selenium.chrome.ChromeDriver&#10;Capabilities {acceptInsecureCerts: false, browserName: chrome, browserVersion: 89.0.4389.114, chrome: {chromedriverVersion: 89.0.4389.23 (61b08ee2c5002..., userDataDir: C:\Users\OCP\AppData\Local\...}, goog:chromeOptions: {debuggerAddress: localhost:50477}, javascriptEnabled: true, networkConnectionEnabled: false, pageLoadStrategy: normal, platform: WINDOWS, platformName: WINDOWS, proxy: Proxy(), setWindowRect: true, strictFileInteractability: false, timeouts: {implicit: 0, pageLoad: 300000, script: 30000}, unhandledPromptBehavior: dismiss and notify, webauthn:extension:largeBlob: true, webauthn:virtualAuthenticators: true}&#10;Session ID: 5a22a2985b3e13d9c00d60dd2c1483ab"/>
  </testcase>
  <testcase name="validateFacebookLogoIsDisplayed" classname="news_world_test.NewsWorldTest" time="0">
    <skipped message="timeout: Timed out receiving message from renderer: 14.106&#10;  (Session info: chrome=89.0.4389.114)&#10;Build info: version: &apos;3.141.59&apos;, revision: &apos;e82be7d358&apos;, time: &apos;2018-11-14T08:17:03&apos;&#10;System info: host: &apos;FARHANA&apos;, ip: &apos;192.168.223.1&apos;, os.name: &apos;Windows 10&apos;, os.arch: &apos;amd64&apos;, os.version: &apos;10.0&apos;, java.version: &apos;11.0.9&apos;&#10;Driver info: org.openqa.selenium.chrome.ChromeDriver&#10;Capabilities {acceptInsecureCerts: false, browserName: chrome, browserVersion: 89.0.4389.114, chrome: {chromedriverVersion: 89.0.4389.23 (61b08ee2c5002..., userDataDir: C:\Users\OCP\AppData\Local\...}, goog:chromeOptions: {debuggerAddress: localhost:50477}, javascriptEnabled: true, networkConnectionEnabled: false, pageLoadStrategy: normal, platform: WINDOWS, platformName: WINDOWS, proxy: Proxy(), setWindowRect: true, strictFileInteractability: false, timeouts: {implicit: 0, pageLoad: 300000, script: 30000}, unhandledPromptBehavior: dismiss and notify, webauthn:extension:largeBlob: true, webauthn:virtualAuthenticators: true}&#10;Session ID: 5a22a2985b3e13d9c00d60dd2c1483ab"/>
  </testcase>
  <testcase name="validateFindAProgram" classname="news_world_test.NewsWorldTest" time="0">
    <skipped message="timeout: Timed out receiving message from renderer: 14.106&#10;  (Session info: chrome=89.0.4389.114)&#10;Build info: version: &apos;3.141.59&apos;, revision: &apos;e82be7d358&apos;, time: &apos;2018-11-14T08:17:03&apos;&#10;System info: host: &apos;FARHANA&apos;, ip: &apos;192.168.223.1&apos;, os.name: &apos;Windows 10&apos;, os.arch: &apos;amd64&apos;, os.version: &apos;10.0&apos;, java.version: &apos;11.0.9&apos;&#10;Driver info: org.openqa.selenium.chrome.ChromeDriver&#10;Capabilities {acceptInsecureCerts: false, browserName: chrome, browserVersion: 89.0.4389.114, chrome: {chromedriverVersion: 89.0.4389.23 (61b08ee2c5002..., userDataDir: C:\Users\OCP\AppData\Local\...}, goog:chromeOptions: {debuggerAddress: localhost:50477}, javascriptEnabled: true, networkConnectionEnabled: false, pageLoadStrategy: normal, platform: WINDOWS, platformName: WINDOWS, proxy: Proxy(), setWindowRect: true, strictFileInteractability: false, timeouts: {implicit: 0, pageLoad: 300000, script: 30000}, unhandledPromptBehavior: dismiss and notify, webauthn:extension:largeBlob: true, webauthn:virtualAuthenticators: true}&#10;Session ID: 5a22a2985b3e13d9c00d60dd2c1483ab"/>
  </testcase>
  <testcase name="validateInstagramLogoIsDisplayed" classname="news_world_test.NewsWorldTest" time="0">
    <skipped message="timeout: Timed out receiving message from renderer: 14.106&#10;  (Session info: chrome=89.0.4389.114)&#10;Build info: version: &apos;3.141.59&apos;, revision: &apos;e82be7d358&apos;, time: &apos;2018-11-14T08:17:03&apos;&#10;System info: host: &apos;FARHANA&apos;, ip: &apos;192.168.223.1&apos;, os.name: &apos;Windows 10&apos;, os.arch: &apos;amd64&apos;, os.version: &apos;10.0&apos;, java.version: &apos;11.0.9&apos;&#10;Driver info: org.openqa.selenium.chrome.ChromeDriver&#10;Capabilities {acceptInsecureCerts: false, browserName: chrome, browserVersion: 89.0.4389.114, chrome: {chromedriverVersion: 89.0.4389.23 (61b08ee2c5002..., userDataDir: C:\Users\OCP\AppData\Local\...}, goog:chromeOptions: {debuggerAddress: localhost:50477}, javascriptEnabled: true, networkConnectionEnabled: false, pageLoadStrategy: normal, platform: WINDOWS, platformName: WINDOWS, proxy: Proxy(), setWindowRect: true, strictFileInteractability: false, timeouts: {implicit: 0, pageLoad: 300000, script: 30000}, unhandledPromptBehavior: dismiss and notify, webauthn:extension:largeBlob: true, webauthn:virtualAuthenticators: true}&#10;Session ID: 5a22a2985b3e13d9c00d60dd2c1483ab"/>
  </testcase>
  <testcase name="validateNonFunctionalityOfSportImage" classname="news_world_test.NewsWorldTest" time="0">
    <skipped message="timeout: Timed out receiving message from renderer: 14.106&#10;  (Session info: chrome=89.0.4389.114)&#10;Build info: version: &apos;3.141.59&apos;, revision: &apos;e82be7d358&apos;, time: &apos;2018-11-14T08:17:03&apos;&#10;System info: host: &apos;FARHANA&apos;, ip: &apos;192.168.223.1&apos;, os.name: &apos;Windows 10&apos;, os.arch: &apos;amd64&apos;, os.version: &apos;10.0&apos;, java.version: &apos;11.0.9&apos;&#10;Driver info: org.openqa.selenium.chrome.ChromeDriver&#10;Capabilities {acceptInsecureCerts: false, browserName: chrome, browserVersion: 89.0.4389.114, chrome: {chromedriverVersion: 89.0.4389.23 (61b08ee2c5002..., userDataDir: C:\Users\OCP\AppData\Local\...}, goog:chromeOptions: {debuggerAddress: localhost:50477}, javascriptEnabled: true, networkConnectionEnabled: false, pageLoadStrategy: normal, platform: WINDOWS, platformName: WINDOWS, proxy: Proxy(), setWindowRect: true, strictFileInteractability: false, timeouts: {implicit: 0, pageLoad: 300000, script: 30000}, unhandledPromptBehavior: dismiss and notify, webauthn:extension:largeBlob: true, webauthn:virtualAuthenticators: true}&#10;Session ID: 5a22a2985b3e13d9c00d60dd2c1483ab"/>
  </testcase>
  <testcase name="validateTwitterLogoIsDisplayed" classname="news_world_test.NewsWorldTest" time="0">
    <skipped message="timeout: Timed out receiving message from renderer: 14.106&#10;  (Session info: chrome=89.0.4389.114)&#10;Build info: version: &apos;3.141.59&apos;, revision: &apos;e82be7d358&apos;, time: &apos;2018-11-14T08:17:03&apos;&#10;System info: host: &apos;FARHANA&apos;, ip: &apos;192.168.223.1&apos;, os.name: &apos;Windows 10&apos;, os.arch: &apos;amd64&apos;, os.version: &apos;10.0&apos;, java.version: &apos;11.0.9&apos;&#10;Driver info: org.openqa.selenium.chrome.ChromeDriver&#10;Capabilities {acceptInsecureCerts: false, browserName: chrome, browserVersion: 89.0.4389.114, chrome: {chromedriverVersion: 89.0.4389.23 (61b08ee2c5002..., userDataDir: C:\Users\OCP\AppData\Local\...}, goog:chromeOptions: {debuggerAddress: localhost:50477}, javascriptEnabled: true, networkConnectionEnabled: false, pageLoadStrategy: normal, platform: WINDOWS, platformName: WINDOWS, proxy: Proxy(), setWindowRect: true, strictFileInteractability: false, timeouts: {implicit: 0, pageLoad: 300000, script: 30000}, unhandledPromptBehavior: dismiss and notify, webauthn:extension:largeBlob: true, webauthn:virtualAuthenticators: true}&#10;Session ID: 5a22a2985b3e13d9c00d60dd2c1483ab"/>
  </testcase>
  <testcase name="validateUrlIsAsExpected" classname="news_world_test.NewsWorldTest" time="0">
    <skipped message="timeout: Timed out receiving message from renderer: 14.106&#10;  (Session info: chrome=89.0.4389.114)&#10;Build info: version: &apos;3.141.59&apos;, revision: &apos;e82be7d358&apos;, time: &apos;2018-11-14T08:17:03&apos;&#10;System info: host: &apos;FARHANA&apos;, ip: &apos;192.168.223.1&apos;, os.name: &apos;Windows 10&apos;, os.arch: &apos;amd64&apos;, os.version: &apos;10.0&apos;, java.version: &apos;11.0.9&apos;&#10;Driver info: org.openqa.selenium.chrome.ChromeDriver&#10;Capabilities {acceptInsecureCerts: false, browserName: chrome, browserVersion: 89.0.4389.114, chrome: {chromedriverVersion: 89.0.4389.23 (61b08ee2c5002..., userDataDir: C:\Users\OCP\AppData\Local\...}, goog:chromeOptions: {debuggerAddress: localhost:50477}, javascriptEnabled: true, networkConnectionEnabled: false, pageLoadStrategy: normal, platform: WINDOWS, platformName: WINDOWS, proxy: Proxy(), setWindowRect: true, strictFileInteractability: false, timeouts: {implicit: 0, pageLoad: 300000, script: 30000}, unhandledPromptBehavior: dismiss and notify, webauthn:extension:largeBlob: true, webauthn:virtualAuthenticators: true}&#10;Session ID: 5a22a2985b3e13d9c00d60dd2c1483ab"/>
  </testcase>
  <testcase name="generateReport" classname="news_world_test.NewsWorldTest" time="0">
    <skipped/>
  </testcase>
</testsuite>