<?xml version="1.0" encoding="UTF-8"?>
<!-- Generated by org.testng.reporters.JUnitXMLReporter -->
<testsuite ignored="0" hostname="Fiz-PC" failures="0" tests="25" name="Walmart Automation Test Script" time="8.063" errors="0" timestamp="2021-04-09T09:54:00 EDT">
  <testcase classname="common.WebAPI" name="@BeforeMethod setUp" time="7.882">
    <failure type="org.openqa.selenium.WebDriverException" message="Process unexpectedly closed with status 0
Build info: version: &amp;apos;3.141.59&amp;apos;, revision: &amp;apos;e82be7d358&amp;apos;, time: &amp;apos;2018-11-14T08:17:03&amp;apos;
System info: host: &amp;apos;FIZ-PC&amp;apos;, ip: &amp;apos;192.168.1.189&amp;apos;, os.name: &amp;apos;Windows 10&amp;apos;, os.arch: &amp;apos;amd64&amp;apos;, os.version: &amp;apos;10.0&amp;apos;, java.version: &amp;apos;11.0.9&amp;apos;
Driver info: driver.version: FirefoxDriver
remote stacktrace: ">
      <![CDATA[org.openqa.selenium.WebDriverException: Process unexpectedly closed with status 0
Build info: version: '3.141.59', revision: 'e82be7d358', time: '2018-11-14T08:17:03'
System info: host: 'FIZ-PC', ip: '192.168.1.189', os.name: 'Windows 10', os.arch: 'amd64', os.version: '10.0', java.version: '11.0.9'
Driver info: driver.version: FirefoxDriver
remote stacktrace: 
at org.openqa.selenium.remote.W3CHandshakeResponse.lambda$errorHandler$0(W3CHandshakeResponse.java:62)
at org.openqa.selenium.remote.HandshakeResponse.lambda$getResponseFunction$0(HandshakeResponse.java:30)
at org.openqa.selenium.remote.ProtocolHandshake.lambda$createSession$0(ProtocolHandshake.java:126)
at java.base/java.util.stream.ReferencePipeline$3$1.accept(ReferencePipeline.java:195)
at java.base/java.util.Spliterators$ArraySpliterator.tryAdvance(Spliterators.java:958)
at java.base/java.util.stream.ReferencePipeline.forEachWithCancel(ReferencePipeline.java:127)
at java.base/java.util.stream.AbstractPipeline.copyIntoWithCancel(AbstractPipeline.java:502)
at java.base/java.util.stream.AbstractPipeline.copyInto(AbstractPipeline.java:488)
at java.base/java.util.stream.AbstractPipeline.wrapAndCopyInto(AbstractPipeline.java:474)
at java.base/java.util.stream.FindOps$FindOp.evaluateSequential(FindOps.java:150)
at java.base/java.util.stream.AbstractPipeline.evaluate(AbstractPipeline.java:234)
at java.base/java.util.stream.ReferencePipeline.findFirst(ReferencePipeline.java:543)
at org.openqa.selenium.remote.ProtocolHandshake.createSession(ProtocolHandshake.java:128)
at org.openqa.selenium.remote.ProtocolHandshake.createSession(ProtocolHandshake.java:74)
at org.openqa.selenium.remote.HttpCommandExecutor.execute(HttpCommandExecutor.java:136)
at org.openqa.selenium.remote.service.DriverCommandExecutor.execute(DriverCommandExecutor.java:83)
at org.openqa.selenium.remote.RemoteWebDriver.execute(RemoteWebDriver.java:552)
at org.openqa.selenium.remote.RemoteWebDriver.startSession(RemoteWebDriver.java:213)
at org.openqa.selenium.remote.RemoteWebDriver.<init>(RemoteWebDriver.java:131)
at org.openqa.selenium.firefox.FirefoxDriver.<init>(FirefoxDriver.java:147)
at org.openqa.selenium.firefox.FirefoxDriver.<init>(FirefoxDriver.java:125)
at common.WebAPI.getLocalDriver(WebAPI.java:171)
at common.WebAPI.setUp(WebAPI.java:139)
at java.base/java.util.ArrayList.forEach(ArrayList.java:1541)
... Removed 39 stack frames]]>
    </failure>
  </testcase> <!-- @BeforeMethod setUp -->
  <testcase classname="common.WebAPI" name="@BeforeMethod startExtent" time="-1.617976440353E9">
    <skipped/>
  </testcase> <!-- @BeforeMethod startExtent -->
  <testcase classname="footertest.FooterTest" name="@BeforeMethod init" time="-1.617976440356E9">
    <skipped/>
  </testcase> <!-- @BeforeMethod init -->
  <testcase classname="common.WebAPI" name="@AfterMethod afterEachTestMethod" time="-1.617976440371E9">
    <skipped/>
  </testcase> <!-- @AfterMethod afterEachTestMethod -->
  <testcase classname="common.WebAPI" name="@AfterMethod cleanUp" time="0.0">
    <failure type="java.lang.NullPointerException">
      <![CDATA[java.lang.NullPointerException
at common.WebAPI.cleanUp(WebAPI.java:205)
at java.base/java.util.ArrayList.forEach(ArrayList.java:1541)
... Removed 36 stack frames]]>
    </failure>
  </testcase> <!-- @AfterMethod cleanUp -->
  <testcase classname="common.WebAPI" name="@BeforeMethod setUp" time="-1.617976440379E9">
    <skipped/>
  </testcase> <!-- @BeforeMethod setUp -->
  <testcase classname="common.WebAPI" name="@BeforeMethod startExtent" time="-1.61797644038E9">
    <skipped/>
  </testcase> <!-- @BeforeMethod startExtent -->
  <testcase classname="footertest.FooterTest" name="@BeforeMethod init" time="-1.61797644038E9">
    <skipped/>
  </testcase> <!-- @BeforeMethod init -->
  <testcase classname="common.WebAPI" name="@AfterMethod afterEachTestMethod" time="-1.617976440381E9">
    <skipped/>
  </testcase> <!-- @AfterMethod afterEachTestMethod -->
  <testcase classname="common.WebAPI" name="@AfterMethod cleanUp" time="0.001">
    <failure type="java.lang.NullPointerException">
      <![CDATA[java.lang.NullPointerException
at common.WebAPI.cleanUp(WebAPI.java:205)
at java.base/java.util.ArrayList.forEach(ArrayList.java:1541)
... Removed 36 stack frames]]>
    </failure>
  </testcase> <!-- @AfterMethod cleanUp -->
  <testcase classname="common.WebAPI" name="@BeforeMethod setUp" time="-1.617976440385E9">
    <skipped/>
  </testcase> <!-- @BeforeMethod setUp -->
  <testcase classname="common.WebAPI" name="@BeforeMethod startExtent" time="-1.617976440385E9">
    <skipped/>
  </testcase> <!-- @BeforeMethod startExtent -->
  <testcase classname="footertest.FooterTest" name="@BeforeMethod init" time="-1.617976440386E9">
    <skipped/>
  </testcase> <!-- @BeforeMethod init -->
  <testcase classname="common.WebAPI" name="@AfterMethod afterEachTestMethod" time="-1.617976440387E9">
    <skipped/>
  </testcase> <!-- @AfterMethod afterEachTestMethod -->
  <testcase classname="common.WebAPI" name="@AfterMethod cleanUp" time="0.0">
    <failure type="java.lang.NullPointerException">
      <![CDATA[java.lang.NullPointerException
at common.WebAPI.cleanUp(WebAPI.java:205)
at java.base/java.util.ArrayList.forEach(ArrayList.java:1541)
... Removed 36 stack frames]]>
    </failure>
  </testcase> <!-- @AfterMethod cleanUp -->
  <testcase classname="common.WebAPI" name="@BeforeMethod setUp" time="-1.617976440389E9">
    <skipped/>
  </testcase> <!-- @BeforeMethod setUp -->
  <testcase classname="common.WebAPI" name="@BeforeMethod startExtent" time="-1.61797644039E9">
    <skipped/>
  </testcase> <!-- @BeforeMethod startExtent -->
  <testcase classname="footertest.FooterTest" name="@BeforeMethod init" time="-1.61797644039E9">
    <skipped/>
  </testcase> <!-- @BeforeMethod init -->
  <testcase classname="common.WebAPI" name="@AfterMethod afterEachTestMethod" time="-1.617976440391E9">
    <skipped/>
  </testcase> <!-- @AfterMethod afterEachTestMethod -->
  <testcase classname="common.WebAPI" name="@AfterMethod cleanUp" time="0.001">
    <failure type="java.lang.NullPointerException">
      <![CDATA[java.lang.NullPointerException
at common.WebAPI.cleanUp(WebAPI.java:205)
at java.base/java.util.ArrayList.forEach(ArrayList.java:1541)
... Removed 36 stack frames]]>
    </failure>
  </testcase> <!-- @AfterMethod cleanUp -->
  <testcase classname="common.WebAPI" name="@BeforeMethod setUp" time="-1.617976440393E9">
    <skipped/>
  </testcase> <!-- @BeforeMethod setUp -->
  <testcase classname="common.WebAPI" name="@BeforeMethod startExtent" time="-1.617976440393E9">
    <skipped/>
  </testcase> <!-- @BeforeMethod startExtent -->
  <testcase classname="footertest.FooterTest" name="@BeforeMethod init" time="-1.617976440393E9">
    <skipped/>
  </testcase> <!-- @BeforeMethod init -->
  <testcase classname="common.WebAPI" name="@AfterMethod afterEachTestMethod" time="-1.617976440394E9">
    <skipped/>
  </testcase> <!-- @AfterMethod afterEachTestMethod -->
  <testcase classname="common.WebAPI" name="@AfterMethod cleanUp" time="0.001">
    <failure type="java.lang.NullPointerException">
      <![CDATA[java.lang.NullPointerException
at common.WebAPI.cleanUp(WebAPI.java:205)
at java.base/java.util.ArrayList.forEach(ArrayList.java:1541)
... Removed 36 stack frames]]>
    </failure>
  </testcase> <!-- @AfterMethod cleanUp -->
  <testcase classname="common.WebAPI" name="@BeforeMethod setUp" time="-1.617976440395E9">
    <skipped/>
  </testcase> <!-- @BeforeMethod setUp -->
  <testcase classname="common.WebAPI" name="@BeforeMethod startExtent" time="-1.617976440396E9">
    <skipped/>
  </testcase> <!-- @BeforeMethod startExtent -->
  <testcase classname="footertest.FooterTest" name="@BeforeMethod init" time="-1.617976440396E9">
    <skipped/>
  </testcase> <!-- @BeforeMethod init -->
  <testcase classname="common.WebAPI" name="@AfterMethod afterEachTestMethod" time="-1.617976440397E9">
    <skipped/>
  </testcase> <!-- @AfterMethod afterEachTestMethod -->
  <testcase classname="common.WebAPI" name="@AfterMethod cleanUp" time="0.0">
    <failure type="java.lang.NullPointerException">
      <![CDATA[java.lang.NullPointerException
at common.WebAPI.cleanUp(WebAPI.java:205)
at java.base/java.util.ArrayList.forEach(ArrayList.java:1541)
... Removed 36 stack frames]]>
    </failure>
  </testcase> <!-- @AfterMethod cleanUp -->
  <testcase classname="common.WebAPI" name="@BeforeMethod setUp" time="-1.617976440398E9">
    <skipped/>
  </testcase> <!-- @BeforeMethod setUp -->
  <testcase classname="common.WebAPI" name="@BeforeMethod startExtent" time="-1.617976440399E9">
    <skipped/>
  </testcase> <!-- @BeforeMethod startExtent -->
  <testcase classname="footertest.FooterTest" name="@BeforeMethod init" time="-1.617976440399E9">
    <skipped/>
  </testcase> <!-- @BeforeMethod init -->
  <testcase classname="common.WebAPI" name="@AfterMethod afterEachTestMethod" time="-1.6179764404E9">
    <skipped/>
  </testcase> <!-- @AfterMethod afterEachTestMethod -->
  <testcase classname="common.WebAPI" name="@AfterMethod cleanUp" time="0.0">
    <failure type="java.lang.NullPointerException">
      <![CDATA[java.lang.NullPointerException
at common.WebAPI.cleanUp(WebAPI.java:205)
at java.base/java.util.ArrayList.forEach(ArrayList.java:1541)
... Removed 36 stack frames]]>
    </failure>
  </testcase> <!-- @AfterMethod cleanUp -->
  <testcase classname="common.WebAPI" name="@BeforeMethod setUp" time="-1.617976440403E9">
    <skipped/>
  </testcase> <!-- @BeforeMethod setUp -->
  <testcase classname="common.WebAPI" name="@BeforeMethod startExtent" time="-1.617976440403E9">
    <skipped/>
  </testcase> <!-- @BeforeMethod startExtent -->
  <testcase classname="footertest.FooterTest" name="@BeforeMethod init" time="-1.617976440403E9">
    <skipped/>
  </testcase> <!-- @BeforeMethod init -->
  <testcase classname="common.WebAPI" name="@AfterMethod afterEachTestMethod" time="-1.617976440405E9">
    <skipped/>
  </testcase> <!-- @AfterMethod afterEachTestMethod -->
  <testcase classname="common.WebAPI" name="@AfterMethod cleanUp" time="0.0">
    <failure type="java.lang.NullPointerException">
      <![CDATA[java.lang.NullPointerException
at common.WebAPI.cleanUp(WebAPI.java:205)
at java.base/java.util.ArrayList.forEach(ArrayList.java:1541)
... Removed 36 stack frames]]>
    </failure>
  </testcase> <!-- @AfterMethod cleanUp -->
  <testcase classname="common.WebAPI" name="@BeforeMethod setUp" time="-1.617976440407E9">
    <skipped/>
  </testcase> <!-- @BeforeMethod setUp -->
  <testcase classname="common.WebAPI" name="@BeforeMethod startExtent" time="-1.617976440407E9">
    <skipped/>
  </testcase> <!-- @BeforeMethod startExtent -->
  <testcase classname="footertest.FooterTest" name="@BeforeMethod init" time="-1.617976440408E9">
    <skipped/>
  </testcase> <!-- @BeforeMethod init -->
  <testcase classname="common.WebAPI" name="@AfterMethod afterEachTestMethod" time="-1.617976440409E9">
    <skipped/>
  </testcase> <!-- @AfterMethod afterEachTestMethod -->
  <testcase classname="common.WebAPI" name="@AfterMethod cleanUp" time="0.001">
    <failure type="java.lang.NullPointerException">
      <![CDATA[java.lang.NullPointerException
at common.WebAPI.cleanUp(WebAPI.java:205)
at java.base/java.util.ArrayList.forEach(ArrayList.java:1541)
... Removed 36 stack frames]]>
    </failure>
  </testcase> <!-- @AfterMethod cleanUp -->
  <testcase classname="common.WebAPI" name="@BeforeMethod setUp" time="-1.617976440412E9">
    <skipped/>
  </testcase> <!-- @BeforeMethod setUp -->
  <testcase classname="common.WebAPI" name="@BeforeMethod startExtent" time="-1.617976440413E9">
    <skipped/>
  </testcase> <!-- @BeforeMethod startExtent -->
  <testcase classname="footertest.FooterTest" name="@BeforeMethod init" time="-1.617976440413E9">
    <skipped/>
  </testcase> <!-- @BeforeMethod init -->
  <testcase classname="common.WebAPI" name="@AfterMethod afterEachTestMethod" time="-1.617976440414E9">
    <skipped/>
  </testcase> <!-- @AfterMethod afterEachTestMethod -->
  <testcase classname="common.WebAPI" name="@AfterMethod cleanUp" time="0.001">
    <failure type="java.lang.NullPointerException">
      <![CDATA[java.lang.NullPointerException
at common.WebAPI.cleanUp(WebAPI.java:205)
at java.base/java.util.ArrayList.forEach(ArrayList.java:1541)
... Removed 36 stack frames]]>
    </failure>
  </testcase> <!-- @AfterMethod cleanUp -->
  <testcase classname="common.WebAPI" name="@BeforeMethod setUp" time="-1.617976440416E9">
    <skipped/>
  </testcase> <!-- @BeforeMethod setUp -->
  <testcase classname="common.WebAPI" name="@BeforeMethod startExtent" time="-1.617976440417E9">
    <skipped/>
  </testcase> <!-- @BeforeMethod startExtent -->
  <testcase classname="footertest.FooterTest" name="@BeforeMethod init" time="-1.617976440424E9">
    <skipped/>
  </testcase> <!-- @BeforeMethod init -->
  <testcase classname="common.WebAPI" name="@AfterMethod afterEachTestMethod" time="-1.617976440426E9">
    <skipped/>
  </testcase> <!-- @AfterMethod afterEachTestMethod -->
  <testcase classname="common.WebAPI" name="@AfterMethod cleanUp" time="0.0">
    <failure type="java.lang.NullPointerException">
      <![CDATA[java.lang.NullPointerException
at common.WebAPI.cleanUp(WebAPI.java:205)
at java.base/java.util.ArrayList.forEach(ArrayList.java:1541)
... Removed 36 stack frames]]>
    </failure>
  </testcase> <!-- @AfterMethod cleanUp -->
  <testcase classname="common.WebAPI" name="@BeforeMethod setUp" time="-1.61797644043E9">
    <skipped/>
  </testcase> <!-- @BeforeMethod setUp -->
  <testcase classname="common.WebAPI" name="@BeforeMethod startExtent" time="-1.617976440431E9">
    <skipped/>
  </testcase> <!-- @BeforeMethod startExtent -->
  <testcase classname="footertest.FooterTest" name="@BeforeMethod init" time="-1.617976440431E9">
    <skipped/>
  </testcase> <!-- @BeforeMethod init -->
  <testcase classname="common.WebAPI" name="@AfterMethod afterEachTestMethod" time="-1.617976440436E9">
    <skipped/>
  </testcase> <!-- @AfterMethod afterEachTestMethod -->
  <testcase classname="common.WebAPI" name="@AfterMethod cleanUp" time="0.001">
    <failure type="java.lang.NullPointerException">
      <![CDATA[java.lang.NullPointerException
at common.WebAPI.cleanUp(WebAPI.java:205)
at java.base/java.util.ArrayList.forEach(ArrayList.java:1541)
... Removed 36 stack frames]]>
    </failure>
  </testcase> <!-- @AfterMethod cleanUp -->
  <testcase classname="common.WebAPI" name="@BeforeMethod setUp" time="-1.617976440438E9">
    <skipped/>
  </testcase> <!-- @BeforeMethod setUp -->
  <testcase classname="common.WebAPI" name="@BeforeMethod startExtent" time="-1.617976440439E9">
    <skipped/>
  </testcase> <!-- @BeforeMethod startExtent -->
  <testcase classname="footertest.FooterTest" name="@BeforeMethod init" time="-1.61797644044E9">
    <skipped/>
  </testcase> <!-- @BeforeMethod init -->
  <testcase classname="common.WebAPI" name="@AfterMethod afterEachTestMethod" time="-1.61797644044E9">
    <skipped/>
  </testcase> <!-- @AfterMethod afterEachTestMethod -->
  <testcase classname="common.WebAPI" name="@AfterMethod cleanUp" time="0.0">
    <failure type="java.lang.NullPointerException">
      <![CDATA[java.lang.NullPointerException
at common.WebAPI.cleanUp(WebAPI.java:205)
at java.base/java.util.ArrayList.forEach(ArrayList.java:1541)
... Removed 36 stack frames]]>
    </failure>
  </testcase> <!-- @AfterMethod cleanUp -->
  <testcase classname="common.WebAPI" name="@BeforeMethod setUp" time="-1.617976440446E9">
    <skipped/>
  </testcase> <!-- @BeforeMethod setUp -->
  <testcase classname="common.WebAPI" name="@BeforeMethod startExtent" time="-1.617976440447E9">
    <skipped/>
  </testcase> <!-- @BeforeMethod startExtent -->
  <testcase classname="footertest.FooterTest" name="@BeforeMethod init" time="-1.617976440447E9">
    <skipped/>
  </testcase> <!-- @BeforeMethod init -->
  <testcase classname="common.WebAPI" name="@AfterMethod afterEachTestMethod" time="-1.617976440447E9">
    <skipped/>
  </testcase> <!-- @AfterMethod afterEachTestMethod -->
  <testcase classname="common.WebAPI" name="@AfterMethod cleanUp" time="0.001">
    <failure type="java.lang.NullPointerException">
      <![CDATA[java.lang.NullPointerException
at common.WebAPI.cleanUp(WebAPI.java:205)
at java.base/java.util.ArrayList.forEach(ArrayList.java:1541)
... Removed 36 stack frames]]>
    </failure>
  </testcase> <!-- @AfterMethod cleanUp -->
  <testcase classname="common.WebAPI" name="@BeforeMethod setUp" time="-1.617976440448E9">
    <skipped/>
  </testcase> <!-- @BeforeMethod setUp -->
  <testcase classname="common.WebAPI" name="@BeforeMethod startExtent" time="-1.617976440449E9">
    <skipped/>
  </testcase> <!-- @BeforeMethod startExtent -->
  <testcase classname="footertest.FooterTest" name="@BeforeMethod init" time="-1.617976440449E9">
    <skipped/>
  </testcase> <!-- @BeforeMethod init -->
  <testcase classname="common.WebAPI" name="@AfterMethod afterEachTestMethod" time="-1.617976440449E9">
    <skipped/>
  </testcase> <!-- @AfterMethod afterEachTestMethod -->
  <testcase classname="common.WebAPI" name="@AfterMethod cleanUp" time="0.001">
    <failure type="java.lang.NullPointerException">
      <![CDATA[java.lang.NullPointerException
at common.WebAPI.cleanUp(WebAPI.java:205)
at java.base/java.util.ArrayList.forEach(ArrayList.java:1541)
... Removed 36 stack frames]]>
    </failure>
  </testcase> <!-- @AfterMethod cleanUp -->
  <testcase classname="common.WebAPI" name="@BeforeMethod setUp" time="-1.61797644045E9">
    <skipped/>
  </testcase> <!-- @BeforeMethod setUp -->
  <testcase classname="common.WebAPI" name="@BeforeMethod startExtent" time="-1.617976440451E9">
    <skipped/>
  </testcase> <!-- @BeforeMethod startExtent -->
  <testcase classname="footertest.FooterTest" name="@BeforeMethod init" time="-1.617976440451E9">
    <skipped/>
  </testcase> <!-- @BeforeMethod init -->
  <testcase classname="common.WebAPI" name="@AfterMethod afterEachTestMethod" time="-1.617976440451E9">
    <skipped/>
  </testcase> <!-- @AfterMethod afterEachTestMethod -->
  <testcase classname="common.WebAPI" name="@AfterMethod cleanUp" time="0.001">
    <failure type="java.lang.NullPointerException">
      <![CDATA[java.lang.NullPointerException
at common.WebAPI.cleanUp(WebAPI.java:205)
at java.base/java.util.ArrayList.forEach(ArrayList.java:1541)
... Removed 36 stack frames]]>
    </failure>
  </testcase> <!-- @AfterMethod cleanUp -->
  <testcase classname="common.WebAPI" name="@BeforeMethod setUp" time="-1.617976440453E9">
    <skipped/>
  </testcase> <!-- @BeforeMethod setUp -->
  <testcase classname="common.WebAPI" name="@BeforeMethod startExtent" time="-1.617976440453E9">
    <skipped/>
  </testcase> <!-- @BeforeMethod startExtent -->
  <testcase classname="footertest.FooterTest" name="@BeforeMethod init" time="-1.617976440454E9">
    <skipped/>
  </testcase> <!-- @BeforeMethod init -->
  <testcase classname="common.WebAPI" name="@AfterMethod afterEachTestMethod" time="-1.617976440456E9">
    <skipped/>
  </testcase> <!-- @AfterMethod afterEachTestMethod -->
  <testcase classname="common.WebAPI" name="@AfterMethod cleanUp" time="0.0">
    <failure type="java.lang.NullPointerException">
      <![CDATA[java.lang.NullPointerException
at common.WebAPI.cleanUp(WebAPI.java:205)
at java.base/java.util.ArrayList.forEach(ArrayList.java:1541)
... Removed 35 stack frames]]>
    </failure>
  </testcase> <!-- @AfterMethod cleanUp -->
  <testcase classname="common.WebAPI" name="@BeforeMethod setUp" time="-1.617976440458E9">
    <skipped/>
  </testcase> <!-- @BeforeMethod setUp -->
  <testcase classname="common.WebAPI" name="@BeforeMethod startExtent" time="-1.617976440459E9">
    <skipped/>
  </testcase> <!-- @BeforeMethod startExtent -->
  <testcase classname="footertest.FooterTest" name="@BeforeMethod init" time="-1.617976440459E9">
    <skipped/>
  </testcase> <!-- @BeforeMethod init -->
  <testcase classname="common.WebAPI" name="@AfterMethod afterEachTestMethod" time="-1.617976440459E9">
    <skipped/>
  </testcase> <!-- @AfterMethod afterEachTestMethod -->
  <testcase classname="common.WebAPI" name="@AfterMethod cleanUp" time="0.001">
    <failure type="java.lang.NullPointerException">
      <![CDATA[java.lang.NullPointerException
at common.WebAPI.cleanUp(WebAPI.java:205)
at java.base/java.util.ArrayList.forEach(ArrayList.java:1541)
... Removed 35 stack frames]]>
    </failure>
  </testcase> <!-- @AfterMethod cleanUp -->
  <testcase classname="common.WebAPI" name="@BeforeMethod setUp" time="-1.617976440461E9">
    <skipped/>
  </testcase> <!-- @BeforeMethod setUp -->
  <testcase classname="common.WebAPI" name="@BeforeMethod startExtent" time="-1.617976440462E9">
    <skipped/>
  </testcase> <!-- @BeforeMethod startExtent -->
  <testcase classname="footertest.FooterTest" name="@BeforeMethod init" time="-1.617976440462E9">
    <skipped/>
  </testcase> <!-- @BeforeMethod init -->
  <testcase classname="common.WebAPI" name="@AfterMethod afterEachTestMethod" time="-1.617976440462E9">
    <skipped/>
  </testcase> <!-- @AfterMethod afterEachTestMethod -->
  <testcase classname="common.WebAPI" name="@AfterMethod cleanUp" time="0.0">
    <failure type="java.lang.NullPointerException">
      <![CDATA[java.lang.NullPointerException
at common.WebAPI.cleanUp(WebAPI.java:205)
at java.base/java.util.ArrayList.forEach(ArrayList.java:1541)
... Removed 35 stack frames]]>
    </failure>
  </testcase> <!-- @AfterMethod cleanUp -->
  <testcase classname="common.WebAPI" name="@BeforeMethod setUp" time="-1.617976440463E9">
    <skipped/>
  </testcase> <!-- @BeforeMethod setUp -->
  <testcase classname="common.WebAPI" name="@BeforeMethod startExtent" time="-1.617976440464E9">
    <skipped/>
  </testcase> <!-- @BeforeMethod startExtent -->
  <testcase classname="footertest.FooterTest" name="@BeforeMethod init" time="-1.617976440464E9">
    <skipped/>
  </testcase> <!-- @BeforeMethod init -->
  <testcase classname="common.WebAPI" name="@AfterMethod afterEachTestMethod" time="-1.617976440465E9">
    <skipped/>
  </testcase> <!-- @AfterMethod afterEachTestMethod -->
  <testcase classname="common.WebAPI" name="@AfterMethod cleanUp" time="0.0">
    <failure type="java.lang.NullPointerException">
      <![CDATA[java.lang.NullPointerException
at common.WebAPI.cleanUp(WebAPI.java:205)
at java.base/java.util.ArrayList.forEach(ArrayList.java:1541)
... Removed 35 stack frames]]>
    </failure>
  </testcase> <!-- @AfterMethod cleanUp -->
  <testcase classname="common.WebAPI" name="@BeforeMethod setUp" time="-1.617976440466E9">
    <skipped/>
  </testcase> <!-- @BeforeMethod setUp -->
  <testcase classname="common.WebAPI" name="@BeforeMethod startExtent" time="-1.617976440466E9">
    <skipped/>
  </testcase> <!-- @BeforeMethod startExtent -->
  <testcase classname="footertest.FooterTest" name="@BeforeMethod init" time="-1.617976440466E9">
    <skipped/>
  </testcase> <!-- @BeforeMethod init -->
  <testcase classname="common.WebAPI" name="@AfterMethod afterEachTestMethod" time="-1.617976440466E9">
    <skipped/>
  </testcase> <!-- @AfterMethod afterEachTestMethod -->
  <testcase classname="common.WebAPI" name="@AfterMethod cleanUp" time="0.0">
    <failure type="java.lang.NullPointerException">
      <![CDATA[java.lang.NullPointerException
at common.WebAPI.cleanUp(WebAPI.java:205)
at java.base/java.util.ArrayList.forEach(ArrayList.java:1541)
... Removed 35 stack frames]]>
    </failure>
  </testcase> <!-- @AfterMethod cleanUp -->
  <testcase classname="common.WebAPI" name="@BeforeMethod setUp" time="-1.617976440468E9">
    <skipped/>
  </testcase> <!-- @BeforeMethod setUp -->
  <testcase classname="common.WebAPI" name="@BeforeMethod startExtent" time="-1.617976440468E9">
    <skipped/>
  </testcase> <!-- @BeforeMethod startExtent -->
  <testcase classname="footertest.FooterTest" name="@BeforeMethod init" time="-1.617976440468E9">
    <skipped/>
  </testcase> <!-- @BeforeMethod init -->
  <testcase classname="common.WebAPI" name="@AfterMethod afterEachTestMethod" time="-1.617976440469E9">
    <skipped/>
  </testcase> <!-- @AfterMethod afterEachTestMethod -->
  <testcase classname="common.WebAPI" name="@AfterMethod cleanUp" time="0.001">
    <failure type="java.lang.NullPointerException">
      <![CDATA[java.lang.NullPointerException
at common.WebAPI.cleanUp(WebAPI.java:205)
at java.base/java.util.ArrayList.forEach(ArrayList.java:1541)
... Removed 35 stack frames]]>
    </failure>
  </testcase> <!-- @AfterMethod cleanUp -->
  <testcase classname="common.WebAPI" name="@BeforeMethod setUp" time="-1.617976440472E9">
    <skipped/>
  </testcase> <!-- @BeforeMethod setUp -->
  <testcase classname="common.WebAPI" name="@BeforeMethod startExtent" time="-1.617976440472E9">
    <skipped/>
  </testcase> <!-- @BeforeMethod startExtent -->
  <testcase classname="footertest.FooterTest" name="@BeforeMethod init" time="-1.617976440473E9">
    <skipped/>
  </testcase> <!-- @BeforeMethod init -->
  <testcase classname="common.WebAPI" name="@AfterMethod afterEachTestMethod" time="-1.617976440473E9">
    <skipped/>
  </testcase> <!-- @AfterMethod afterEachTestMethod -->
  <testcase classname="common.WebAPI" name="@AfterMethod cleanUp" time="0.0">
    <failure type="java.lang.NullPointerException">
      <![CDATA[java.lang.NullPointerException
at common.WebAPI.cleanUp(WebAPI.java:205)
at java.base/java.util.ArrayList.forEach(ArrayList.java:1541)
... Removed 35 stack frames]]>
    </failure>
  </testcase> <!-- @AfterMethod cleanUp -->
  <testcase classname="common.WebAPI" name="@BeforeMethod setUp" time="-1.617976440475E9">
    <skipped/>
  </testcase> <!-- @BeforeMethod setUp -->
  <testcase classname="common.WebAPI" name="@BeforeMethod startExtent" time="-1.617976440475E9">
    <skipped/>
  </testcase> <!-- @BeforeMethod startExtent -->
  <testcase classname="footertest.FooterTest" name="@BeforeMethod init" time="-1.617976440475E9">
    <skipped/>
  </testcase> <!-- @BeforeMethod init -->
  <testcase classname="common.WebAPI" name="@AfterMethod afterEachTestMethod" time="-1.617976440476E9">
    <skipped/>
  </testcase> <!-- @AfterMethod afterEachTestMethod -->
  <testcase classname="common.WebAPI" name="@AfterMethod cleanUp" time="0.001">
    <failure type="java.lang.NullPointerException">
      <![CDATA[java.lang.NullPointerException
at common.WebAPI.cleanUp(WebAPI.java:205)
at java.base/java.util.ArrayList.forEach(ArrayList.java:1541)
... Removed 35 stack frames]]>
    </failure>
  </testcase> <!-- @AfterMethod cleanUp -->
  <testcase classname="common.WebAPI" name="@BeforeMethod setUp" time="-1.617976440481E9">
    <skipped/>
  </testcase> <!-- @BeforeMethod setUp -->
  <testcase classname="common.WebAPI" name="@BeforeMethod startExtent" time="-1.617976440481E9">
    <skipped/>
  </testcase> <!-- @BeforeMethod startExtent -->
  <testcase classname="footertest.FooterTest" name="@BeforeMethod init" time="-1.617976440481E9">
    <skipped/>
  </testcase> <!-- @BeforeMethod init -->
  <testcase classname="common.WebAPI" name="@AfterMethod afterEachTestMethod" time="-1.617976440482E9">
    <skipped/>
  </testcase> <!-- @AfterMethod afterEachTestMethod -->
  <testcase classname="common.WebAPI" name="@AfterMethod cleanUp" time="0.0">
    <failure type="java.lang.NullPointerException">
      <![CDATA[java.lang.NullPointerException
at common.WebAPI.cleanUp(WebAPI.java:205)
at java.base/java.util.ArrayList.forEach(ArrayList.java:1541)
... Removed 35 stack frames]]>
    </failure>
  </testcase> <!-- @AfterMethod cleanUp -->
  <testcase classname="footertest.FooterTest" name="adNameTest" time="0.0">
    <skipped/>
  </testcase> <!-- adNameTest -->
  <testcase classname="footertest.FooterTest" name="adTitleTest" time="0.0">
    <skipped/>
  </testcase> <!-- adTitleTest -->
  <testcase classname="footertest.FooterTest" name="adUrlTest" time="0.0">
    <skipped/>
  </testcase> <!-- adUrlTest -->
  <testcase classname="footertest.FooterTest" name="caPrivacyNameTest" time="0.0">
    <skipped/>
  </testcase> <!-- caPrivacyNameTest -->
  <testcase classname="footertest.FooterTest" name="caPrivacyPageTest" time="0.0">
    <skipped/>
  </testcase> <!-- caPrivacyPageTest -->
  <testcase classname="footertest.FooterTest" name="caPrivacyUrlTest" time="0.0">
    <skipped/>
  </testcase> <!-- caPrivacyUrlTest -->
  <testcase classname="footertest.FooterTest" name="nameTest" time="0.0">
    <skipped/>
  </testcase> <!-- nameTest -->
  <testcase classname="footertest.FooterTest" name="privacyNameTest" time="0.0">
    <skipped/>
  </testcase> <!-- privacyNameTest -->
  <testcase classname="footertest.FooterTest" name="privacyPageTest" time="0.0">
    <skipped/>
  </testcase> <!-- privacyPageTest -->
  <testcase classname="footertest.FooterTest" name="privacyUrlTest" time="0.0">
    <skipped/>
  </testcase> <!-- privacyUrlTest -->
  <testcase classname="footertest.FooterTest" name="reqPersonalNameTest" time="0.0">
    <skipped/>
  </testcase> <!-- reqPersonalNameTest -->
  <testcase classname="footertest.FooterTest" name="reqPersonalPageTest" time="0.0">
    <skipped/>
  </testcase> <!-- reqPersonalPageTest -->
  <testcase classname="footertest.FooterTest" name="reqPersonalUrlTest" time="0.0">
    <skipped/>
  </testcase> <!-- reqPersonalUrlTest -->
  <testcase classname="footertest.FooterTest" name="sellPersonalNameTest" time="0.0">
    <skipped/>
  </testcase> <!-- sellPersonalNameTest -->
  <testcase classname="footertest.FooterTest" name="sellPersonalPageTest" time="0.0">
    <skipped/>
  </testcase> <!-- sellPersonalPageTest -->
  <testcase classname="footertest.FooterTest" name="sellPersonalUrlTest" time="0.0">
    <skipped/>
  </testcase> <!-- sellPersonalUrlTest -->
  <testcase classname="footertest.FooterTest" name="supplyChainSecurityNameTest" time="0.0">
    <skipped/>
  </testcase> <!-- supplyChainSecurityNameTest -->
  <testcase classname="footertest.FooterTest" name="supplyChainSecurityTest" time="0.0">
    <skipped/>
  </testcase> <!-- supplyChainSecurityTest -->
  <testcase classname="footertest.FooterTest" name="taxNameTest" time="0.0">
    <skipped/>
  </testcase> <!-- taxNameTest -->
  <testcase classname="footertest.FooterTest" name="taxPageTest" time="0.0">
    <skipped/>
  </testcase> <!-- taxPageTest -->
  <testcase classname="footertest.FooterTest" name="termNameTest" time="0.0">
    <skipped/>
  </testcase> <!-- termNameTest -->
  <testcase classname="footertest.FooterTest" name="termPageTest" time="0.0">
    <skipped/>
  </testcase> <!-- termPageTest -->
  <testcase classname="footertest.FooterTest" name="termUrlTest" time="0.0">
    <skipped/>
  </testcase> <!-- termUrlTest -->
  <testcase classname="footertest.FooterTest" name="titleTest" time="0.0">
    <skipped/>
  </testcase> <!-- titleTest -->
  <testcase classname="footertest.FooterTest" name="urlTest" time="0.0">
    <skipped/>
  </testcase> <!-- urlTest -->
</testsuite> <!-- Walmart Automation Test Script -->
