<?xml version="1.0" encoding="UTF-8"?>
<testng-results ignored="16" total="16" passed="0" failed="0" skipped="0">
  <reporter-output>
    <line>
      <![CDATA[Extent Report DirectoryC:\Users\OCP\IdeaProjects\WebAutomationFramework_Team2\Walmart\target\surefire-reports\html]]>
    </line>
  </reporter-output>
  <suite started-at="2021-04-09T21:42:25 EDT" name="WalmartTestSuit" finished-at="2021-04-09T21:42:25 EDT" duration-ms="10">
    <groups>
    </groups>
    <test started-at="2021-04-09T21:42:25 EDT" name="Walmart Get To Know Us Automation Test" finished-at="2021-04-09T21:42:25 EDT" duration-ms="10">
      <class name="walmart_test.GetToKnowUsTest">
        <test-method is-config="true" signature="extentSetup(org.testng.ITestContext)[pri:0, instance:walmart_test.GetToKnowUsTest@696da30b]" started-at="2021-04-09T21:42:24 EDT" name="extentSetup" finished-at="2021-04-09T21:42:25 EDT" duration-ms="443" status="PASS">
          <params>
            <param index="0">
              <value>
                <![CDATA[org.testng.TestRunner@6bb2d00b]]>
              </value>
            </param>
          </params>
          <reporter-output>
            <line>
              <![CDATA[Extent Report DirectoryC:\Users\OCP\IdeaProjects\WebAutomationFramework_Team2\Walmart\target\surefire-reports\html]]>
            </line>
          </reporter-output>
        </test-method> <!-- extentSetup -->
        <test-method is-config="true" signature="generateReport()[pri:0, instance:walmart_test.GetToKnowUsTest@696da30b]" started-at="2021-04-09T21:42:25 EDT" name="generateReport" finished-at="2021-04-09T21:42:25 EDT" duration-ms="642" status="PASS">
          <reporter-output>
          </reporter-output>
        </test-method> <!-- generateReport -->
      </class> <!-- walmart_test.GetToKnowUsTest -->
    </test> <!-- Walmart Get To Know Us Automation Test -->
  </suite> <!-- WalmartTestSuit -->
</testng-results>
