<?xml version="1.0" encoding="UTF-8"?>
<!-- Generated by org.testng.reporters.JUnitXMLReporter -->
<testsuite ignored="21" hostname="Mohammads-MBP" failures="0" tests="1" name="BBC Automation Test " time="5.774" errors="0" timestamp="2021-03-17T21:31:57 EDT">
  <testcase classname="com.TestCareer.TestMainSportPage" name="validateCustomerIsAbleToCancelAdd" time="2.374"/>
  <testcase classname="com.TestCareer.TestMainSportPage" name="validateFootballBtnIsClickable" time="0.0">
    <ignored/>
  </testcase> <!-- validateFootballBtnIsClickable -->
  <testcase classname="com.TestCareer.TestMainSportPage" name="validateFootballScoreBtnWorkingAsExpected" time="0.0">
    <ignored/>
  </testcase> <!-- validateFootballScoreBtnWorkingAsExpected -->
  <testcase classname="com.TestCareer.TestMainSportPage" name="validateTwitterIsDisplayed" time="0.0">
    <ignored/>
  </testcase> <!-- validateTwitterIsDisplayed -->
  <testcase classname="com.TestCareer.TestMainSportPage" name="validateInstagramIsDisplayed" time="0.0">
    <ignored/>
  </testcase> <!-- validateInstagramIsDisplayed -->
  <testcase classname="com.TestCareer.TestMainSportPage" name="validateSportLogoIsDisplayed" time="0.0">
    <ignored/>
  </testcase> <!-- validateSportLogoIsDisplayed -->
  <testcase classname="com.TestCareer.TestMainSportPage" name="validateExploreBBCIsDisplayedAndGetTextIsMatched" time="0.0">
    <ignored/>
  </testcase> <!-- validateExploreBBCIsDisplayedAndGetTextIsMatched -->
  <testcase classname="com.TestCareer.TestMainSportPage" name="validateFindUsOnSociaMediaIsAdded" time="0.0">
    <ignored/>
  </testcase> <!-- validateFindUsOnSociaMediaIsAdded -->
  <testcase classname="com.TestCareer.TestMainSportPage" name="validateFacebookIsDisplayed" time="0.0">
    <ignored/>
  </testcase> <!-- validateFacebookIsDisplayed -->
  <testcase classname="com.TestCareer.TestMainSportPage" name="validateAtoZisDisplayedUnderFullSportsAtoZ" time="0.0">
    <ignored/>
  </testcase> <!-- validateAtoZisDisplayedUnderFullSportsAtoZ -->
  <testcase classname="com.TestCareer.TestMainSportPage" name="validateTextforBBCAppDownloading" time="0.0">
    <ignored/>
  </testcase> <!-- validateTextforBBCAppDownloading -->
  <testcase classname="com.TestCareer.TestMainSportPage" name="validateMoreFromSportVisibility" time="0.0">
    <ignored/>
  </testcase> <!-- validateMoreFromSportVisibility -->
  <testcase classname="com.TestCareer.TestMainSportPage" name="validateTheUrl" time="0.0">
    <ignored/>
  </testcase> <!-- validateTheUrl -->
  <testcase classname="com.TestCareer.TestMainSportPage" name="validateSportAppLogoIsProperlyDisplayed" time="0.0">
    <ignored/>
  </testcase> <!-- validateSportAppLogoIsProperlyDisplayed -->
  <testcase classname="com.TestCareer.TestMainSportPage" name="validateYouTubeIsDisplayed" time="0.0">
    <ignored/>
  </testcase> <!-- validateYouTubeIsDisplayed -->
  <testcase classname="com.TestCareer.TestMainSportPage" name="vaidateBBCSportAppLinkFunctionality" time="0.0">
    <ignored/>
  </testcase> <!-- vaidateBBCSportAppLinkFunctionality -->
  <testcase classname="com.TestCareer.TestMainSportPage" name="validateAtoZBtnIsEnabled" time="0.0">
    <ignored/>
  </testcase> <!-- validateAtoZBtnIsEnabled -->
  <testcase classname="com.TestCareer.TestMainSportPage" name="validateFindOnSociaMediaAttributeAreMathced" time="0.0">
    <ignored/>
  </testcase> <!-- validateFindOnSociaMediaAttributeAreMathced -->
  <testcase classname="com.TestCareer.TestMainSportPage" name="validateFindUsOnSociaMediaIsDisplayed" time="0.0">
    <ignored/>
  </testcase> <!-- validateFindUsOnSociaMediaIsDisplayed -->
  <testcase classname="com.TestCareer.TestMainSportPage" name="validateCustomerCanClickOnHomeBtn" time="0.0">
    <ignored/>
  </testcase> <!-- validateCustomerCanClickOnHomeBtn -->
  <testcase classname="com.TestCareer.TestMainSportPage" name="validateBBCLogo" time="0.0">
    <ignored/>
  </testcase> <!-- validateBBCLogo -->
  <testcase classname="com.TestCareer.TestMainSportPage" name="validateFAQBtnIsEnabled" time="0.0">
    <ignored/>
  </testcase> <!-- validateFAQBtnIsEnabled -->
</testsuite> <!-- BBC Automation Test  -->
