<?xml version="1.0" encoding="UTF-8"?>
<!-- Generated by org.testng.reporters.JUnitXMLReporter -->
<testsuite ignored="25" hostname="Alelign" failures="1" tests="1" name="BBC Automation Test Script using multiple Browser Option" time="28.928" errors="0" timestamp="2021-03-19T15:28:12 EDT">
  <testcase classname="test_page.MoreMenuTabTest.MoreTabTest" name="verifyWeatherSearchByCity" time="20.446">
    <failure type="org.openqa.selenium.NoSuchElementException" message="Unable to locate element: input[id=&amp;apos;ls-c-search__input-label&amp;apos;]
For documentation on this error, please visit: https://www.seleniumhq.org/exceptions/no_such_element.html
Build info: version: &amp;apos;3.141.59&amp;apos;, revision: &amp;apos;e82be7d358&amp;apos;, time: &amp;apos;2018-11-14T08:17:03&amp;apos;
System info: host: &amp;apos;ALELIGN&amp;apos;, ip: &amp;apos;192.168.188.1&amp;apos;, os.name: &amp;apos;Windows 10&amp;apos;, os.arch: &amp;apos;amd64&amp;apos;, os.version: &amp;apos;10.0&amp;apos;, java.version: &amp;apos;11.0.9&amp;apos;
Driver info: org.openqa.selenium.firefox.FirefoxDriver
Capabilities {acceptInsecureCerts: true, browserName: firefox, browserVersion: 86.0.1, javascriptEnabled: true, moz:accessibilityChecks: false, moz:buildID: 20210310152336, moz:geckodriverVersion: 0.29.0, moz:headless: false, moz:processID: 26540, moz:profile: C:\Users\Alelign\AppData\Lo..., moz:shutdownTimeout: 60000, moz:useNonSpecCompliantPointerOrigin: false, moz:webdriverClick: true, pageLoadStrategy: normal, platform: WINDOWS, platformName: WINDOWS, platformVersion: 10.0, rotatable: false, setWindowRect: true, strictFileInteractability: false, timeouts: {implicit: 0, pageLoad: 300000, script: 30000}, unhandledPromptBehavior: dismiss and notify}
Session ID: 693a7467-68ef-44a0-8a5d-c258fb409693
*** Element info: {Using=css selector, value=input[id=&amp;apos;ls-c-search__input-label&amp;apos;]}">
      <![CDATA[org.openqa.selenium.NoSuchElementException: Unable to locate element: input[id='ls-c-search__input-label']
For documentation on this error, please visit: https://www.seleniumhq.org/exceptions/no_such_element.html
Build info: version: '3.141.59', revision: 'e82be7d358', time: '2018-11-14T08:17:03'
System info: host: 'ALELIGN', ip: '192.168.188.1', os.name: 'Windows 10', os.arch: 'amd64', os.version: '10.0', java.version: '11.0.9'
Driver info: org.openqa.selenium.firefox.FirefoxDriver
Capabilities {acceptInsecureCerts: true, browserName: firefox, browserVersion: 86.0.1, javascriptEnabled: true, moz:accessibilityChecks: false, moz:buildID: 20210310152336, moz:geckodriverVersion: 0.29.0, moz:headless: false, moz:processID: 26540, moz:profile: C:\Users\Alelign\AppData\Lo..., moz:shutdownTimeout: 60000, moz:useNonSpecCompliantPointerOrigin: false, moz:webdriverClick: true, pageLoadStrategy: normal, platform: WINDOWS, platformName: WINDOWS, platformVersion: 10.0, rotatable: false, setWindowRect: true, strictFileInteractability: false, timeouts: {implicit: 0, pageLoad: 300000, script: 30000}, unhandledPromptBehavior: dismiss and notify}
Session ID: 693a7467-68ef-44a0-8a5d-c258fb409693
*** Element info: {Using=css selector, value=input[id='ls-c-search__input-label']}
at org.openqa.selenium.remote.http.W3CHttpResponseCodec.createException(W3CHttpResponseCodec.java:187)
at org.openqa.selenium.remote.http.W3CHttpResponseCodec.decode(W3CHttpResponseCodec.java:122)
at org.openqa.selenium.remote.http.W3CHttpResponseCodec.decode(W3CHttpResponseCodec.java:49)
at org.openqa.selenium.remote.HttpCommandExecutor.execute(HttpCommandExecutor.java:158)
at org.openqa.selenium.remote.service.DriverCommandExecutor.execute(DriverCommandExecutor.java:83)
at org.openqa.selenium.remote.RemoteWebDriver.execute(RemoteWebDriver.java:552)
at org.openqa.selenium.remote.RemoteWebDriver.findElement(RemoteWebDriver.java:323)
at org.openqa.selenium.remote.RemoteWebDriver.findElementByCssSelector(RemoteWebDriver.java:420)
at org.openqa.selenium.By$ByCssSelector.findElement(By.java:431)
at org.openqa.selenium.remote.RemoteWebDriver.findElement(RemoteWebDriver.java:315)
at common.WebAPI.typeByCss(WebAPI.java:323)
at home_page.MoreMenuTab.MenuBarMore.weatherSearchByCity(MenuBarMore.java:25)
at test_page.MoreMenuTabTest.MoreTabTest.verifyWeatherSearchByCity(MoreTabTest.java:40)
at java.base/java.util.ArrayList.forEach(ArrayList.java:1541)
... Removed 35 stack frames]]>
    </failure>
  </testcase> <!-- verifyWeatherSearchByCity -->
  <testcase classname="test_page.BBCTest" name="verifyArtLinkIsPerformed" time="0.0">
    <ignored/>
  </testcase> <!-- verifyArtLinkIsPerformed -->
  <testcase classname="test_page.BBCTest" name="verifyOurLoveAffairsHomesLink" time="0.0">
    <ignored/>
  </testcase> <!-- verifyOurLoveAffairsHomesLink -->
  <testcase classname="test_page.MoreMenuTabTest.MoreTabTest" name="verifyMoreMenuTabClik" time="0.0">
    <ignored/>
  </testcase> <!-- verifyMoreMenuTabClik -->
  <testcase classname="test_page.BBCTest" name="verifyToOpenDetailMasterpiece" time="0.0">
    <ignored/>
  </testcase> <!-- verifyToOpenDetailMasterpiece -->
  <testcase classname="test_page.MoreMenuTabTest.MoreTabTest" name="verifyWeatherLink" time="0.0">
    <ignored/>
  </testcase> <!-- verifyWeatherLink -->
  <testcase classname="test_page.BBCTest" name="verifyCollectionPageWithText" time="0.0">
    <ignored/>
  </testcase> <!-- verifyCollectionPageWithText -->
  <testcase classname="test_page.BBCTest" name="verifyWhatDoYourDreamMeans" time="0.0">
    <ignored/>
  </testcase> <!-- verifyWhatDoYourDreamMeans -->
  <testcase classname="test_page.BBCTest" name="verifyOpenMoreTab" time="0.0">
    <ignored/>
  </testcase> <!-- verifyOpenMoreTab -->
  <testcase classname="test_page.BBCTest" name="verifyIdentitiesTab" time="0.0">
    <ignored/>
  </testcase> <!-- verifyIdentitiesTab -->
  <testcase classname="test_page.BBCTest" name="verifyLookingForBooks" time="0.0">
    <ignored/>
  </testcase> <!-- verifyLookingForBooks -->
  <testcase classname="test_page.BBCTest" name="verifyStyleTab" time="0.0">
    <ignored/>
  </testcase> <!-- verifyStyleTab -->
  <testcase classname="test_page.BBCTest" name="verifyCulturePageIsDisplayed" time="0.0">
    <ignored/>
  </testcase> <!-- verifyCulturePageIsDisplayed -->
  <testcase classname="test_page.BBCTest" name="verifyMusicTab" time="0.0">
    <ignored/>
  </testcase> <!-- verifyMusicTab -->
  <testcase classname="test_page.BBCTest" name="verifyUltimateDiningExperience" time="0.0">
    <ignored/>
  </testcase> <!-- verifyUltimateDiningExperience -->
  <testcase classname="common.WebAPI" name="@AfterSuite generateReport" time="0.0">
    <ignored/>
  </testcase> <!-- @AfterSuite generateReport -->
  <testcase classname="test_page.BBCTest" name="verifyClickOnLiteratureLink" time="0.0">
    <ignored/>
  </testcase> <!-- verifyClickOnLiteratureLink -->
  <testcase classname="test_page.BBCTest" name="verifyAFilmLinkIsOpened" time="0.0">
    <ignored/>
  </testcase> <!-- verifyAFilmLinkIsOpened -->
  <testcase classname="test_page.BBCTest" name="verifyTVTab" time="0.0">
    <ignored/>
  </testcase> <!-- verifyTVTab -->
  <testcase classname="test_page.BBCTest" name="verifyCollectionTab" time="0.0">
    <ignored/>
  </testcase> <!-- verifyCollectionTab -->
  <testcase classname="test_page.BBCTest" name="verifyWhatYouDidnotKnowAboutColour" time="0.0">
    <ignored/>
  </testcase> <!-- verifyWhatYouDidnotKnowAboutColour -->
  <testcase classname="common.WebAPI" name="@BeforeSuite extentSetup" time="0.0">
    <ignored/>
  </testcase> <!-- @BeforeSuite extentSetup -->
  <testcase classname="test_page.BBCTest" name="verifyWeLandedOnBBCHomePage" time="0.0">
    <ignored/>
  </testcase> <!-- verifyWeLandedOnBBCHomePage -->
  <testcase classname="test_page.BBCTest" name="verifyPhotographyTab" time="0.0">
    <ignored/>
  </testcase> <!-- verifyPhotographyTab -->
  <testcase classname="test_page.BBCTest" name="verifylookingForDisnePageFound" time="0.0">
    <ignored/>
  </testcase> <!-- verifylookingForDisnePageFound -->
  <testcase classname="test_page.BBCTest" name="verifyFilmBrokeSeveralTaboosIsOpened" time="0.0">
    <ignored/>
  </testcase> <!-- verifyFilmBrokeSeveralTaboosIsOpened -->
</testsuite> <!-- BBC Automation Test Script using multiple Browser Option -->
