<?xml version="1.0" encoding="UTF-8"?>
<!-- Generated by org.testng.reporters.JUnitXMLReporter -->
<testsuite ignored="1" hostname="Alelign" failures="2" tests="18" name="BBC Automation Test Script using multiple Browser Option" time="373.507" errors="0" timestamp="2021-03-18T20:18:21 EDT">
  <testcase classname="test_page.BBCTest" name="verifyAFilmLinkIsOpened" time="6.938"/>
  <testcase classname="test_page.BBCTest" name="verifyArtLinkIsPerformed" time="7.013"/>
  <testcase classname="test_page.BBCTest" name="verifyClickOnLiteratureLink" time="14.38"/>
  <testcase classname="test_page.BBCTest" name="verifyCollectionPageWithText" time="11.407">
    <failure type="org.openqa.selenium.InvalidSelectorException" message="Given xpath expression &amp;quot;div .more-articles__stories&amp;quot; is invalid: SyntaxError: The expression is not a legal expression.
For documentation on this error, please visit: https://www.seleniumhq.org/exceptions/invalid_selector_exception.html
Build info: version: &amp;apos;3.141.59&amp;apos;, revision: &amp;apos;e82be7d358&amp;apos;, time: &amp;apos;2018-11-14T08:17:03&amp;apos;
System info: host: &amp;apos;ALELIGN&amp;apos;, ip: &amp;apos;10.252.0.102&amp;apos;, os.name: &amp;apos;Windows 10&amp;apos;, os.arch: &amp;apos;amd64&amp;apos;, os.version: &amp;apos;10.0&amp;apos;, java.version: &amp;apos;11.0.9&amp;apos;
Driver info: org.openqa.selenium.firefox.FirefoxDriver
Capabilities {acceptInsecureCerts: true, browserName: firefox, browserVersion: 86.0.1, javascriptEnabled: true, moz:accessibilityChecks: false, moz:buildID: 20210310152336, moz:geckodriverVersion: 0.29.0, moz:headless: false, moz:processID: 38896, moz:profile: C:\Users\Alelign\AppData\Lo..., moz:shutdownTimeout: 60000, moz:useNonSpecCompliantPointerOrigin: false, moz:webdriverClick: true, pageLoadStrategy: normal, platform: WINDOWS, platformName: WINDOWS, platformVersion: 10.0, rotatable: false, setWindowRect: true, strictFileInteractability: false, timeouts: {implicit: 0, pageLoad: 300000, script: 30000}, unhandledPromptBehavior: dismiss and notify}
Session ID: cb4f9ff3-b68c-46e4-9467-4df887824b03
*** Element info: {Using=xpath, value=div .more-articles__stories}">
      <![CDATA[org.openqa.selenium.InvalidSelectorException: Given xpath expression "div .more-articles__stories" is invalid: SyntaxError: The expression is not a legal expression.
For documentation on this error, please visit: https://www.seleniumhq.org/exceptions/invalid_selector_exception.html
Build info: version: '3.141.59', revision: 'e82be7d358', time: '2018-11-14T08:17:03'
System info: host: 'ALELIGN', ip: '10.252.0.102', os.name: 'Windows 10', os.arch: 'amd64', os.version: '10.0', java.version: '11.0.9'
Driver info: org.openqa.selenium.firefox.FirefoxDriver
Capabilities {acceptInsecureCerts: true, browserName: firefox, browserVersion: 86.0.1, javascriptEnabled: true, moz:accessibilityChecks: false, moz:buildID: 20210310152336, moz:geckodriverVersion: 0.29.0, moz:headless: false, moz:processID: 38896, moz:profile: C:\Users\Alelign\AppData\Lo..., moz:shutdownTimeout: 60000, moz:useNonSpecCompliantPointerOrigin: false, moz:webdriverClick: true, pageLoadStrategy: normal, platform: WINDOWS, platformName: WINDOWS, platformVersion: 10.0, rotatable: false, setWindowRect: true, strictFileInteractability: false, timeouts: {implicit: 0, pageLoad: 300000, script: 30000}, unhandledPromptBehavior: dismiss and notify}
Session ID: cb4f9ff3-b68c-46e4-9467-4df887824b03
*** Element info: {Using=xpath, value=div .more-articles__stories}
at org.openqa.selenium.remote.http.W3CHttpResponseCodec.createException(W3CHttpResponseCodec.java:187)
at org.openqa.selenium.remote.http.W3CHttpResponseCodec.decode(W3CHttpResponseCodec.java:122)
at org.openqa.selenium.remote.http.W3CHttpResponseCodec.decode(W3CHttpResponseCodec.java:49)
at org.openqa.selenium.remote.HttpCommandExecutor.execute(HttpCommandExecutor.java:158)
at org.openqa.selenium.remote.service.DriverCommandExecutor.execute(DriverCommandExecutor.java:83)
at org.openqa.selenium.remote.RemoteWebDriver.execute(RemoteWebDriver.java:552)
at org.openqa.selenium.remote.RemoteWebDriver.findElement(RemoteWebDriver.java:323)
at org.openqa.selenium.remote.RemoteWebDriver.findElementByXPath(RemoteWebDriver.java:428)
at org.openqa.selenium.By$ByXPath.findElement(By.java:353)
at org.openqa.selenium.remote.RemoteWebDriver.findElement(RemoteWebDriver.java:315)
at common.WebAPI.assertEqualByXpath(WebAPI.java:647)
at test_page.BBCTest.verifyCollectionPageWithText(BBCTest.java:157)
at java.base/java.util.ArrayList.forEach(ArrayList.java:1541)
... Removed 35 stack frames]]>
    </failure>
  </testcase> <!-- verifyCollectionPageWithText -->
  <testcase classname="test_page.BBCTest" name="verifyCollectionTab" time="9.41"/>
  <testcase classname="test_page.BBCTest" name="verifyCulturePageIsDisplayed" time="7.393"/>
  <testcase classname="test_page.BBCTest" name="verifyFilmBrokeSeveralTaboosIsOpened" time="7.779"/>
  <testcase classname="test_page.BBCTest" name="verifyIdentitiesTab" time="11.322"/>
  <testcase classname="test_page.BBCTest" name="verifyLookingForBooks" time="11.629"/>
  <testcase classname="test_page.BBCTest" name="verifyMusicTab" time="10.729"/>
  <testcase classname="test_page.BBCTest" name="verifyOpenMoreTab" time="12.191"/>
  <testcase classname="test_page.BBCTest" name="verifyPhotographyTab" time="11.403"/>
  <testcase classname="test_page.BBCTest" name="verifyStyleTab" time="8.9">
    <failure type="java.lang.AssertionError" message="Test failed  expected [Style - BBC Culture] but found [Home - BBC Culture]">
      <![CDATA[java.lang.AssertionError: Test failed  expected [Style - BBC Culture] but found [Home - BBC Culture]
at test_page.BBCTest.verifyStyleTab(BBCTest.java:135)
at java.base/java.util.ArrayList.forEach(ArrayList.java:1541)
... Removed 35 stack frames]]>
    </failure>
  </testcase> <!-- verifyStyleTab -->
  <testcase classname="test_page.BBCTest" name="verifyTVTab" time="11.825"/>
  <testcase classname="test_page.BBCTest" name="verifyToOpenDetailMasterpiece" time="12.918"/>
  <testcase classname="test_page.BBCTest" name="verifyWeLandedOnBBCHomePage" time="0.008"/>
  <testcase classname="test_page.BBCTest" name="verifyWhatDoYourDreamMeans" time="16.395"/>
  <testcase classname="test_page.BBCTest" name="verifyWhatYouDidnotKnowAboutColour" time="17.539"/>
  <testcase classname="test_page.BBCTest" name="verifylookingForDisnePageFound" time="0.0">
    <ignored/>
  </testcase> <!-- verifylookingForDisnePageFound -->
</testsuite> <!-- BBC Automation Test Script using multiple Browser Option -->
